<?xml version="1.0" encoding="UTF-8"?>
<testsuite xmlns:xsi="http://www.w3.org/2001/XMLSchema-instance" xsi:noNamespaceSchemaLocation="https://maven.apache.org/surefire/maven-surefire-plugin/xsd/surefire-test-report-3.0.xsd" version="3.0" name="TestSuite" time="1.842" tests="14" errors="0" skipped="12" failures="2">
  <properties>
[...]
</properties>
  <testcase name="setUp" classname="com.crm.qa.testcases.FlightTestCases" time="1.121">
    <failure message="The driver executable does not exist: C:\Users\Workspace\FressCRMAutomation\drivers\chromedriver.exe" type="java.lang.IllegalStateException">java.lang.IllegalStateException: The driver executable does not exist: C:\Users\Workspace\FressCRMAutomation\drivers\chromedriver.exe
	at com.crm.qa.testcases.FlightTestCases.setUp(FlightTestCases.java:24)
</failure>
    <system-err><![CDATA[log4j:ERROR Could not find value for key log4j.appender.Appender1
log4j:ERROR Could not instantiate appender named "Appender1".
log4j:ERROR Could not find value for key log4j.appender.Appneder2
log4j:ERROR Could not instantiate appender named "Appneder2".
log4j:ERROR Could not read configuration file [C://Users//Workspace//FressCRMAutomation\src\main\resources\log4j.properties].
java.io.FileNotFoundException: C:\Users\Workspace\FressCRMAutomation\src\main\resources\log4j.properties (The system cannot find the path specified)
	at java.io.FileInputStream.open0(Native Method)
	at java.io.FileInputStream.open(FileInputStream.java:195)
	at java.io.FileInputStream.<init>(FileInputStream.java:138)
	at java.io.FileInputStream.<init>(FileInputStream.java:93)
	at org.apache.log4j.PropertyConfigurator.doConfigure(PropertyConfigurator.java:372)
	at org.apache.log4j.PropertyConfigurator.configure(PropertyConfigurator.java:403)
	at com.crm.qa.base.TestBase.startLogger(TestBase.java:96)
	at com.crm.qa.base.TestBase.initializaton(TestBase.java:56)
	at com.crm.qa.testcases.FlightTestCases.setUp(FlightTestCases.java:24)
	at sun.reflect.NativeMethodAccessorImpl.invoke0(Native Method)
	at sun.reflect.NativeMethodAccessorImpl.invoke(NativeMethodAccessorImpl.java:62)
	at sun.reflect.DelegatingMethodAccessorImpl.invoke(DelegatingMethodAccessorImpl.java:43)
	at java.lang.reflect.Method.invoke(Method.java:498)
	at org.testng.internal.MethodInvocationHelper.invokeMethod(MethodInvocationHelper.java:80)
	at org.testng.internal.Invoker.invokeConfigurationMethod(Invoker.java:564)
	at org.testng.internal.Invoker.invokeConfigurations(Invoker.java:213)
	at org.testng.internal.Invoker.invokeConfigurations(Invoker.java:138)
	at org.testng.SuiteRunner.privateRun(SuiteRunner.java:277)
	at org.testng.SuiteRunner.run(SuiteRunner.java:240)
	at org.testng.SuiteRunnerWorker.runSuite(SuiteRunnerWorker.java:52)
	at org.testng.SuiteRunnerWorker.run(SuiteRunnerWorker.java:86)
	at org.testng.TestNG.runSuitesSequentially(TestNG.java:1198)
	at org.testng.TestNG.runSuitesLocally(TestNG.java:1123)
	at org.testng.TestNG.run(TestNG.java:1031)
	at org.apache.maven.surefire.testng.TestNGExecutor.run(TestNGExecutor.java:283)
	at org.apache.maven.surefire.testng.TestNGXmlTestSuite.execute(TestNGXmlTestSuite.java:75)
	at org.apache.maven.surefire.testng.TestNGProvider.invoke(TestNGProvider.java:120)
	at org.apache.maven.surefire.booter.ForkedBooter.invokeProviderInSameClassLoader(ForkedBooter.java:384)
	at org.apache.maven.surefire.booter.ForkedBooter.runSuitesInProcess(ForkedBooter.java:345)
	at org.apache.maven.surefire.booter.ForkedBooter.execute(ForkedBooter.java:126)
	at org.apache.maven.surefire.booter.ForkedBooter.main(ForkedBooter.java:418)
log4j:ERROR Ignoring configuration file [C://Users//Workspace//FressCRMAutomation\src\main\resources\log4j.properties].
]]></system-err>
  </testcase>
  <testcase name="setUp" classname="com.crm.qa.testcases.SearchFlightTestCases" time="0">
    <skipped/>
  </testcase>
  <testcase name="setUp" classname="com.crm.qa.testcases.SearchFlightTestCases" time="0">
    <skipped/>
  </testcase>
  <testcase name="setUp" classname="com.crm.qa.testcases.SearchFlightTestCases" time="0">
    <skipped/>
  </testcase>
  <testcase name="setUp" classname="com.crm.qa.testcases.SearchFlightTestCases" time="0">
    <skipped/>
  </testcase>
  <testcase name="TC001_VerifyHeaderContent" classname="com.crm.qa.testcases.SearchFlightTestCases" time="0">
    <skipped/>
  </testcase>
  <testcase name="TC001_CheckifLogoisPresent" classname="com.crm.qa.testcases.FlightTestCases" time="0">
    <skipped/>
  </testcase>
  <testcase name="TC002_SelectFlightOption" classname="com.crm.qa.testcases.FlightTestCases" time="0">
    <skipped/>
  </testcase>
  <testcase name="TC002_SearchFligh" classname="com.crm.qa.testcases.SearchFlightTestCases" time="0">
    <skipped/>
  </testcase>
  <testcase name="TC003_VerifyHeaderContent" classname="com.crm.qa.testcases.SearchFlightTestCases" time="0">
    <skipped/>
  </testcase>
  <testcase name="TC003_CheckifLogoisPresent" classname="com.crm.qa.testcases.FlightTestCases" time="0">
    <skipped/>
  </testcase>
  <testcase name="TC004_SelectFlightOption" classname="com.crm.qa.testcases.FlightTestCases" time="0">
    <skipped/>
  </testcase>
  <testcase name="TC005_VerifyHeaderContent" classname="com.crm.qa.testcases.SearchFlightTestCases" time="0">
    <skipped/>
  </testcase>
  <testcase name="tearDown" classname="com.crm.qa.testcases.FlightTestCases" time="0.03">
    <failure type="java.lang.NullPointerException">java.lang.NullPointerException
	at com.crm.qa.testcases.FlightTestCases.tearDown(FlightTestCases.java:53)
</failure>
  </testcase>
</testsuite>