<?xml version="1.0" encoding="UTF-8"?>
<testng-results skipped="8" failed="0" total="8" passed="0">
  <reporter-output>
  </reporter-output>
  <suite name="RegressionSuite" duration-ms="11" started-at="2020-10-29T16:28:48Z" finished-at="2020-10-29T16:28:48Z">
    <groups>
      <group name="UI">
        <method signature="FlightTestCases.TC001_CheckifLogoisPresent()[pri:0, instance:com.crm.qa.testcases.FlightTestCases@180bc464]" name="TC001_CheckifLogoisPresent" class="com.crm.qa.testcases.FlightTestCases"/>
        <method signature="FlightTestCases.TC003_CheckifLogoisPresent()[pri:0, instance:com.crm.qa.testcases.FlightTestCases@180bc464]" name="TC003_CheckifLogoisPresent" class="com.crm.qa.testcases.FlightTestCases"/>
        <method signature="SearchFlightTestCases.TC001_VerifyHeaderContent()[pri:0, instance:com.crm.qa.testcases.SearchFlightTestCases@47f6473]" name="TC001_VerifyHeaderContent" class="com.crm.qa.testcases.SearchFlightTestCases"/>
        <method signature="SearchFlightTestCases.TC003_VerifyHeaderContent()[pri:0, instance:com.crm.qa.testcases.SearchFlightTestCases@47f6473]" name="TC003_VerifyHeaderContent" class="com.crm.qa.testcases.SearchFlightTestCases"/>
        <method signature="SearchFlightTestCases.TC005_VerifyHeaderContent()[pri:0, instance:com.crm.qa.testcases.SearchFlightTestCases@47f6473]" name="TC005_VerifyHeaderContent" class="com.crm.qa.testcases.SearchFlightTestCases"/>
      </group> <!-- UI -->
      <group name="Functionality">
        <method signature="FlightTestCases.TC002_SelectFlightOption()[pri:0, instance:com.crm.qa.testcases.FlightTestCases@180bc464]" name="TC002_SelectFlightOption" class="com.crm.qa.testcases.FlightTestCases"/>
      </group> <!-- Functionality -->
      <group name="Simple">
        <method signature="FlightTestCases.TC001_CheckifLogoisPresent()[pri:0, instance:com.crm.qa.testcases.FlightTestCases@180bc464]" name="TC001_CheckifLogoisPresent" class="com.crm.qa.testcases.FlightTestCases"/>
        <method signature="FlightTestCases.TC003_CheckifLogoisPresent()[pri:0, instance:com.crm.qa.testcases.FlightTestCases@180bc464]" name="TC003_CheckifLogoisPresent" class="com.crm.qa.testcases.FlightTestCases"/>
        <method signature="SearchFlightTestCases.TC001_VerifyHeaderContent()[pri:0, instance:com.crm.qa.testcases.SearchFlightTestCases@47f6473]" name="TC001_VerifyHeaderContent" class="com.crm.qa.testcases.SearchFlightTestCases"/>
        <method signature="SearchFlightTestCases.TC003_VerifyHeaderContent()[pri:0, instance:com.crm.qa.testcases.SearchFlightTestCases@47f6473]" name="TC003_VerifyHeaderContent" class="com.crm.qa.testcases.SearchFlightTestCases"/>
        <method signature="SearchFlightTestCases.TC005_VerifyHeaderContent()[pri:0, instance:com.crm.qa.testcases.SearchFlightTestCases@47f6473]" name="TC005_VerifyHeaderContent" class="com.crm.qa.testcases.SearchFlightTestCases"/>
      </group> <!-- Simple -->
    </groups>
    <test name="Testing" duration-ms="11" started-at="2020-10-29T16:28:48Z" finished-at="2020-10-29T16:28:48Z">
      <class name="com.crm.qa.testcases.SearchFlightTestCases">
        <test-method status="SKIP" signature="TC001_VerifyHeaderContent()[pri:0, instance:com.crm.qa.testcases.SearchFlightTestCases@47f6473]" name="TC001_VerifyHeaderContent" duration-ms="0" started-at="2020-10-29T16:28:48Z" finished-at="2020-10-29T16:28:48Z">
          <reporter-output>
          </reporter-output>
        </test-method> <!-- TC001_VerifyHeaderContent -->
        <test-method status="SKIP" signature="setUp()[pri:0, instance:com.crm.qa.testcases.SearchFlightTestCases@47f6473]" name="setUp" is-config="true" duration-ms="0" started-at="2020-10-29T16:28:48Z" finished-at="2020-10-29T16:28:48Z">
          <reporter-output>
          </reporter-output>
        </test-method> <!-- setUp -->
        <test-method status="SKIP" signature="setUp()[pri:0, instance:com.crm.qa.testcases.SearchFlightTestCases@47f6473]" name="setUp" is-config="true" duration-ms="0" started-at="2020-10-29T16:28:48Z" finished-at="2020-10-29T16:28:48Z">
          <reporter-output>
          </reporter-output>
        </test-method> <!-- setUp -->
        <test-method status="SKIP" signature="setUp()[pri:0, instance:com.crm.qa.testcases.SearchFlightTestCases@47f6473]" name="setUp" is-config="true" duration-ms="0" started-at="2020-10-29T16:28:48Z" finished-at="2020-10-29T16:28:48Z">
          <reporter-output>
          </reporter-output>
        </test-method> <!-- setUp -->
        <test-method status="SKIP" signature="TC003_VerifyHeaderContent()[pri:0, instance:com.crm.qa.testcases.SearchFlightTestCases@47f6473]" name="TC003_VerifyHeaderContent" duration-ms="0" started-at="2020-10-29T16:28:48Z" finished-at="2020-10-29T16:28:48Z">
          <reporter-output>
          </reporter-output>
        </test-method> <!-- TC003_VerifyHeaderContent -->
        <test-method status="SKIP" signature="setUp()[pri:0, instance:com.crm.qa.testcases.SearchFlightTestCases@47f6473]" name="setUp" is-config="true" duration-ms="0" started-at="2020-10-29T16:28:48Z" finished-at="2020-10-29T16:28:48Z">
          <reporter-output>
          </reporter-output>
        </test-method> <!-- setUp -->
        <test-method status="SKIP" signature="TC002_SearchFligh()[pri:0, instance:com.crm.qa.testcases.SearchFlightTestCases@47f6473]" name="TC002_SearchFligh" duration-ms="0" started-at="2020-10-29T16:28:48Z" finished-at="2020-10-29T16:28:48Z">
          <reporter-output>
          </reporter-output>
        </test-method> <!-- TC002_SearchFligh -->
        <test-method status="SKIP" signature="TC005_VerifyHeaderContent()[pri:0, instance:com.crm.qa.testcases.SearchFlightTestCases@47f6473]" name="TC005_VerifyHeaderContent" duration-ms="0" started-at="2020-10-29T16:28:48Z" finished-at="2020-10-29T16:28:48Z">
          <reporter-output>
          </reporter-output>
        </test-method> <!-- TC005_VerifyHeaderContent -->
      </class> <!-- com.crm.qa.testcases.SearchFlightTestCases -->
      <class name="com.crm.qa.testcases.FlightTestCases">
        <test-method status="FAIL" signature="setUp()[pri:0, instance:com.crm.qa.testcases.FlightTestCases@180bc464]" name="setUp" is-config="true" duration-ms="0" started-at="2020-10-29T16:28:48Z" finished-at="2020-10-29T16:28:48Z">
          <exception class="java.lang.IllegalStateException">
            <message>
              <![CDATA[The driver executable does not exist: C:\Users\Workspace\FressCRMAutomation\drivers\chromedriver.exe]]>
            </message>
            <full-stacktrace>
              <![CDATA[java.lang.IllegalStateException: The driver executable does not exist: C:\Users\Workspace\FressCRMAutomation\drivers\chromedriver.exe
	at com.google.common.base.Preconditions.checkState(Preconditions.java:585)
	at org.openqa.selenium.remote.service.DriverService.checkExecutable(DriverService.java:146)
	at org.openqa.selenium.remote.service.DriverService.findExecutable(DriverService.java:141)
	at org.openqa.selenium.chrome.ChromeDriverService.access$000(ChromeDriverService.java:35)
	at org.openqa.selenium.chrome.ChromeDriverService$Builder.findDefaultExecutable(ChromeDriverService.java:159)
	at org.openqa.selenium.remote.service.DriverService$Builder.build(DriverService.java:355)
	at org.openqa.selenium.chrome.ChromeDriverService.createDefaultService(ChromeDriverService.java:94)
	at org.openqa.selenium.chrome.ChromeDriver.<init>(ChromeDriver.java:157)
	at com.crm.qa.base.TestBase.getDriver(TestBase.java:83)
	at com.crm.qa.base.TestBase.initializaton(TestBase.java:58)
	at com.crm.qa.testcases.FlightTestCases.setUp(FlightTestCases.java:24)
	at sun.reflect.NativeMethodAccessorImpl.invoke0(Native Method)
	at sun.reflect.NativeMethodAccessorImpl.invoke(NativeMethodAccessorImpl.java:62)
	at sun.reflect.DelegatingMethodAccessorImpl.invoke(DelegatingMethodAccessorImpl.java:43)
	at java.lang.reflect.Method.invoke(Method.java:498)
	at org.testng.internal.MethodInvocationHelper.invokeMethod(MethodInvocationHelper.java:80)
	at org.testng.internal.Invoker.invokeConfigurationMethod(Invoker.java:564)
	at org.testng.internal.Invoker.invokeConfigurations(Invoker.java:213)
	at org.testng.internal.Invoker.invokeConfigurations(Invoker.java:138)
	at org.testng.SuiteRunner.privateRun(SuiteRunner.java:277)
	at org.testng.SuiteRunner.run(SuiteRunner.java:240)
	at org.testng.SuiteRunnerWorker.runSuite(SuiteRunnerWorker.java:52)
	at org.testng.SuiteRunnerWorker.run(SuiteRunnerWorker.java:86)
	at org.testng.TestNG.runSuitesSequentially(TestNG.java:1198)
	at org.testng.TestNG.runSuitesLocally(TestNG.java:1123)
	at org.testng.TestNG.run(TestNG.java:1031)
	at org.apache.maven.surefire.testng.TestNGExecutor.run(TestNGExecutor.java:283)
	at org.apache.maven.surefire.testng.TestNGXmlTestSuite.execute(TestNGXmlTestSuite.java:75)
	at org.apache.maven.surefire.testng.TestNGProvider.invoke(TestNGProvider.java:120)
	at org.apache.maven.surefire.booter.ForkedBooter.invokeProviderInSameClassLoader(ForkedBooter.java:384)
	at org.apache.maven.surefire.booter.ForkedBooter.runSuitesInProcess(ForkedBooter.java:345)
	at org.apache.maven.surefire.booter.ForkedBooter.execute(ForkedBooter.java:126)
	at org.apache.maven.surefire.booter.ForkedBooter.main(ForkedBooter.java:418)
]]>
            </full-stacktrace>
          </exception> <!-- java.lang.IllegalStateException -->
          <reporter-output>
          </reporter-output>
        </test-method> <!-- setUp -->
        <test-method status="SKIP" signature="TC001_CheckifLogoisPresent()[pri:0, instance:com.crm.qa.testcases.FlightTestCases@180bc464]" name="TC001_CheckifLogoisPresent" duration-ms="0" started-at="2020-10-29T16:28:48Z" finished-at="2020-10-29T16:28:48Z">
          <reporter-output>
          </reporter-output>
        </test-method> <!-- TC001_CheckifLogoisPresent -->
        <test-method status="SKIP" signature="TC002_SelectFlightOption()[pri:0, instance:com.crm.qa.testcases.FlightTestCases@180bc464]" name="TC002_SelectFlightOption" duration-ms="0" started-at="2020-10-29T16:28:48Z" finished-at="2020-10-29T16:28:48Z">
          <reporter-output>
          </reporter-output>
        </test-method> <!-- TC002_SelectFlightOption -->
        <test-method status="SKIP" signature="TC004_SelectFlightOption()[pri:0, instance:com.crm.qa.testcases.FlightTestCases@180bc464]" name="TC004_SelectFlightOption" duration-ms="1" started-at="2020-10-29T16:28:48Z" finished-at="2020-10-29T16:28:48Z">
          <reporter-output>
          </reporter-output>
        </test-method> <!-- TC004_SelectFlightOption -->
        <test-method status="SKIP" signature="TC003_CheckifLogoisPresent()[pri:0, instance:com.crm.qa.testcases.FlightTestCases@180bc464]" name="TC003_CheckifLogoisPresent" duration-ms="0" started-at="2020-10-29T16:28:48Z" finished-at="2020-10-29T16:28:48Z">
          <reporter-output>
          </reporter-output>
        </test-method> <!-- TC003_CheckifLogoisPresent -->
        <test-method status="FAIL" signature="tearDown()[pri:0, instance:com.crm.qa.testcases.FlightTestCases@180bc464]" name="tearDown" is-config="true" duration-ms="0" started-at="2020-10-29T16:28:48Z" finished-at="2020-10-29T16:28:48Z">
          <exception class="java.lang.NullPointerException">
            <full-stacktrace>
              <![CDATA[java.lang.NullPointerException
	at com.crm.qa.base.TestBase.tearDownMain(TestBase.java:101)
	at com.crm.qa.testcases.FlightTestCases.tearDown(FlightTestCases.java:53)
	at sun.reflect.NativeMethodAccessorImpl.invoke0(Native Method)
	at sun.reflect.NativeMethodAccessorImpl.invoke(NativeMethodAccessorImpl.java:62)
	at sun.reflect.DelegatingMethodAccessorImpl.invoke(DelegatingMethodAccessorImpl.java:43)
	at java.lang.reflect.Method.invoke(Method.java:498)
	at org.testng.internal.MethodInvocationHelper.invokeMethod(MethodInvocationHelper.java:80)
	at org.testng.internal.Invoker.invokeConfigurationMethod(Invoker.java:564)
	at org.testng.internal.Invoker.invokeConfigurations(Invoker.java:213)
	at org.testng.internal.Invoker.invokeConfigurations(Invoker.java:138)
	at org.testng.SuiteRunner.privateRun(SuiteRunner.java:308)
	at org.testng.SuiteRunner.run(SuiteRunner.java:240)
	at org.testng.SuiteRunnerWorker.runSuite(SuiteRunnerWorker.java:52)
	at org.testng.SuiteRunnerWorker.run(SuiteRunnerWorker.java:86)
	at org.testng.TestNG.runSuitesSequentially(TestNG.java:1198)
	at org.testng.TestNG.runSuitesLocally(TestNG.java:1123)
	at org.testng.TestNG.run(TestNG.java:1031)
	at org.apache.maven.surefire.testng.TestNGExecutor.run(TestNGExecutor.java:283)
	at org.apache.maven.surefire.testng.TestNGXmlTestSuite.execute(TestNGXmlTestSuite.java:75)
	at org.apache.maven.surefire.testng.TestNGProvider.invoke(TestNGProvider.java:120)
	at org.apache.maven.surefire.booter.ForkedBooter.invokeProviderInSameClassLoader(ForkedBooter.java:384)
	at org.apache.maven.surefire.booter.ForkedBooter.runSuitesInProcess(ForkedBooter.java:345)
	at org.apache.maven.surefire.booter.ForkedBooter.execute(ForkedBooter.java:126)
	at org.apache.maven.surefire.booter.ForkedBooter.main(ForkedBooter.java:418)
]]>
            </full-stacktrace>
          </exception> <!-- java.lang.NullPointerException -->
          <reporter-output>
          </reporter-output>
        </test-method> <!-- tearDown -->
      </class> <!-- com.crm.qa.testcases.FlightTestCases -->
    </test> <!-- Testing -->
  </suite> <!-- RegressionSuite -->
</testng-results>
