<?xml version="1.0" encoding="UTF-8"?>
<testng-results skipped="1" failed="0" total="1" passed="0">
  <reporter-output>
  </reporter-output>
  <suite name="Default suite" duration-ms="19" started-at="2020-10-29T19:02:39Z" finished-at="2020-10-29T19:02:39Z">
    <groups>
    </groups>
    <test name="Default test" duration-ms="19" started-at="2020-10-29T19:02:39Z" finished-at="2020-10-29T19:02:39Z">
      <class name="com.crm.qa.testcases.SeleniumTest">
        <test-method status="FAIL" signature="setUp()[pri:0, instance:com.crm.qa.testcases.SeleniumTest@675d3402]" name="setUp" is-config="true" duration-ms="0" started-at="2020-10-29T19:02:19Z" finished-at="2020-10-29T19:02:19Z">
          <exception class="org.openqa.selenium.WebDriverException">
            <message>
              <![CDATA[unknown error: Chrome failed to start: exited normally
  (unknown error: DevToolsActivePort file doesn't exist)
  (The process started from chrome location C:\Program Files (x86)\Google\Chrome\Application\chrome.exe is no longer running, so ChromeDriver is assuming that Chrome has crashed.)
Build info: version: '3.141.59', revision: 'e82be7d358', time: '2018-11-14T08:17:03'
System info: host: 'LAPAA00102', ip: '192.168.99.1', os.name: 'Windows 10', os.arch: 'amd64', os.version: '10.0', java.version: '1.8.0_241'
Driver info: driver.version: ChromeDriver
remote stacktrace: Backtrace:
	Ordinal0 [0x0129A923+1550627]
	Ordinal0 [0x0121A731+1025841]
	Ordinal0 [0x0119C715+509717]
	Ordinal0 [0x0112CB0B+51979]
	Ordinal0 [0x0114ACE7+175335]
	Ordinal0 [0x0114A8ED+174317]
	Ordinal0 [0x01148CDB+167131]
	Ordinal0 [0x0113144A+70730]
	Ordinal0 [0x011324D0+74960]
	Ordinal0 [0x01132469+74857]
	Ordinal0 [0x012342F7+1131255]
	GetHandleVerifier [0x0133711D+523789]
	GetHandleVerifier [0x01336EB0+523168]
	GetHandleVerifier [0x0133E207+552695]
	GetHandleVerifier [0x0133791A+525834]
	Ordinal0 [0x0122B82C+1095724]
	Ordinal0 [0x0123636B+1139563]
	Ordinal0 [0x012364D3+1139923]
	Ordinal0 [0x01235455+1135701]
	BaseThreadInitThunk [0x748C8494+36]
	RtlAreBitsSet [0x77E94328+136]
	RtlAreBitsSet [0x77E942F8+88]
]]>
            </message>
            <full-stacktrace>
              <![CDATA[org.openqa.selenium.WebDriverException: unknown error: Chrome failed to start: exited normally
  (unknown error: DevToolsActivePort file doesn't exist)
  (The process started from chrome location C:\Program Files (x86)\Google\Chrome\Application\chrome.exe is no longer running, so ChromeDriver is assuming that Chrome has crashed.)
Build info: version: '3.141.59', revision: 'e82be7d358', time: '2018-11-14T08:17:03'
System info: host: 'LAPAA00102', ip: '192.168.99.1', os.name: 'Windows 10', os.arch: 'amd64', os.version: '10.0', java.version: '1.8.0_241'
Driver info: driver.version: ChromeDriver
remote stacktrace: Backtrace:
	Ordinal0 [0x0129A923+1550627]
	Ordinal0 [0x0121A731+1025841]
	Ordinal0 [0x0119C715+509717]
	Ordinal0 [0x0112CB0B+51979]
	Ordinal0 [0x0114ACE7+175335]
	Ordinal0 [0x0114A8ED+174317]
	Ordinal0 [0x01148CDB+167131]
	Ordinal0 [0x0113144A+70730]
	Ordinal0 [0x011324D0+74960]
	Ordinal0 [0x01132469+74857]
	Ordinal0 [0x012342F7+1131255]
	GetHandleVerifier [0x0133711D+523789]
	GetHandleVerifier [0x01336EB0+523168]
	GetHandleVerifier [0x0133E207+552695]
	GetHandleVerifier [0x0133791A+525834]
	Ordinal0 [0x0122B82C+1095724]
	Ordinal0 [0x0123636B+1139563]
	Ordinal0 [0x012364D3+1139923]
	Ordinal0 [0x01235455+1135701]
	BaseThreadInitThunk [0x748C8494+36]
	RtlAreBitsSet [0x77E94328+136]
	RtlAreBitsSet [0x77E942F8+88]

	at sun.reflect.NativeConstructorAccessorImpl.newInstance0(Native Method)
	at sun.reflect.NativeConstructorAccessorImpl.newInstance(NativeConstructorAccessorImpl.java:62)
	at sun.reflect.DelegatingConstructorAccessorImpl.newInstance(DelegatingConstructorAccessorImpl.java:45)
	at java.lang.reflect.Constructor.newInstance(Constructor.java:423)
	at org.openqa.selenium.remote.W3CHandshakeResponse.lambda$errorHandler$0(W3CHandshakeResponse.java:62)
	at org.openqa.selenium.remote.HandshakeResponse.lambda$getResponseFunction$0(HandshakeResponse.java:30)
	at org.openqa.selenium.remote.ProtocolHandshake.lambda$createSession$0(ProtocolHandshake.java:126)
	at java.util.stream.ReferencePipeline$3$1.accept(ReferencePipeline.java:193)
	at java.util.Spliterators$ArraySpliterator.tryAdvance(Spliterators.java:958)
	at java.util.stream.ReferencePipeline.forEachWithCancel(ReferencePipeline.java:126)
	at java.util.stream.AbstractPipeline.copyIntoWithCancel(AbstractPipeline.java:499)
	at java.util.stream.AbstractPipeline.copyInto(AbstractPipeline.java:486)
	at java.util.stream.AbstractPipeline.wrapAndCopyInto(AbstractPipeline.java:472)
	at java.util.stream.FindOps$FindOp.evaluateSequential(FindOps.java:152)
	at java.util.stream.AbstractPipeline.evaluate(AbstractPipeline.java:234)
	at java.util.stream.ReferencePipeline.findFirst(ReferencePipeline.java:464)
	at org.openqa.selenium.remote.ProtocolHandshake.createSession(ProtocolHandshake.java:128)
	at org.openqa.selenium.remote.ProtocolHandshake.createSession(ProtocolHandshake.java:74)
	at org.openqa.selenium.remote.HttpCommandExecutor.execute(HttpCommandExecutor.java:136)
	at org.openqa.selenium.remote.service.DriverCommandExecutor.execute(DriverCommandExecutor.java:83)
	at org.openqa.selenium.remote.RemoteWebDriver.execute(RemoteWebDriver.java:552)
	at org.openqa.selenium.remote.RemoteWebDriver.startSession(RemoteWebDriver.java:213)
	at org.openqa.selenium.remote.RemoteWebDriver.<init>(RemoteWebDriver.java:131)
	at org.openqa.selenium.chrome.ChromeDriver.<init>(ChromeDriver.java:181)
	at org.openqa.selenium.chrome.ChromeDriver.<init>(ChromeDriver.java:168)
	at org.openqa.selenium.chrome.ChromeDriver.<init>(ChromeDriver.java:123)
	at com.crm.qa.testcases.SeleniumTest.setUp(SeleniumTest.java:22)
	at sun.reflect.NativeMethodAccessorImpl.invoke0(Native Method)
	at sun.reflect.NativeMethodAccessorImpl.invoke(NativeMethodAccessorImpl.java:62)
	at sun.reflect.DelegatingMethodAccessorImpl.invoke(DelegatingMethodAccessorImpl.java:43)
	at java.lang.reflect.Method.invoke(Method.java:498)
	at org.testng.internal.MethodInvocationHelper.invokeMethod(MethodInvocationHelper.java:80)
	at org.testng.internal.Invoker.invokeConfigurationMethod(Invoker.java:564)
	at org.testng.internal.Invoker.invokeConfigurations(Invoker.java:213)
	at org.testng.internal.Invoker.invokeConfigurations(Invoker.java:138)
	at org.testng.SuiteRunner.privateRun(SuiteRunner.java:277)
	at org.testng.SuiteRunner.run(SuiteRunner.java:240)
	at org.testng.SuiteRunnerWorker.runSuite(SuiteRunnerWorker.java:52)
	at org.testng.SuiteRunnerWorker.run(SuiteRunnerWorker.java:86)
	at org.testng.TestNG.runSuitesSequentially(TestNG.java:1198)
	at org.testng.TestNG.runSuitesLocally(TestNG.java:1123)
	at org.testng.TestNG.run(TestNG.java:1031)
	at org.testng.remote.AbstractRemoteTestNG.run(AbstractRemoteTestNG.java:114)
	at org.testng.remote.RemoteTestNG.initAndRun(RemoteTestNG.java:251)
	at org.testng.remote.RemoteTestNG.main(RemoteTestNG.java:77)
]]>
            </full-stacktrace>
          </exception> <!-- org.openqa.selenium.WebDriverException -->
          <reporter-output>
          </reporter-output>
        </test-method> <!-- setUp -->
        <test-method status="SKIP" signature="TC001_CheckifLogoisPresent()[pri:0, instance:com.crm.qa.testcases.SeleniumTest@675d3402]" name="TC001_CheckifLogoisPresent" duration-ms="2" started-at="2020-10-29T19:02:39Z" finished-at="2020-10-29T19:02:39Z">
          <reporter-output>
          </reporter-output>
        </test-method> <!-- TC001_CheckifLogoisPresent -->
        <test-method status="FAIL" signature="tearDown()[pri:0, instance:com.crm.qa.testcases.SeleniumTest@675d3402]" name="tearDown" is-config="true" duration-ms="0" started-at="2020-10-29T19:02:39Z" finished-at="2020-10-29T19:02:39Z">
          <exception class="java.lang.NullPointerException">
            <full-stacktrace>
              <![CDATA[java.lang.NullPointerException
	at com.crm.qa.testcases.SeleniumTest.tearDown(SeleniumTest.java:41)
	at sun.reflect.NativeMethodAccessorImpl.invoke0(Native Method)
	at sun.reflect.NativeMethodAccessorImpl.invoke(NativeMethodAccessorImpl.java:62)
	at sun.reflect.DelegatingMethodAccessorImpl.invoke(DelegatingMethodAccessorImpl.java:43)
	at java.lang.reflect.Method.invoke(Method.java:498)
	at org.testng.internal.MethodInvocationHelper.invokeMethod(MethodInvocationHelper.java:80)
	at org.testng.internal.Invoker.invokeConfigurationMethod(Invoker.java:564)
	at org.testng.internal.Invoker.invokeConfigurations(Invoker.java:213)
	at org.testng.internal.Invoker.invokeConfigurations(Invoker.java:138)
	at org.testng.SuiteRunner.privateRun(SuiteRunner.java:308)
	at org.testng.SuiteRunner.run(SuiteRunner.java:240)
	at org.testng.SuiteRunnerWorker.runSuite(SuiteRunnerWorker.java:52)
	at org.testng.SuiteRunnerWorker.run(SuiteRunnerWorker.java:86)
	at org.testng.TestNG.runSuitesSequentially(TestNG.java:1198)
	at org.testng.TestNG.runSuitesLocally(TestNG.java:1123)
	at org.testng.TestNG.run(TestNG.java:1031)
	at org.testng.remote.AbstractRemoteTestNG.run(AbstractRemoteTestNG.java:114)
	at org.testng.remote.RemoteTestNG.initAndRun(RemoteTestNG.java:251)
	at org.testng.remote.RemoteTestNG.main(RemoteTestNG.java:77)
]]>
            </full-stacktrace>
          </exception> <!-- java.lang.NullPointerException -->
          <reporter-output>
          </reporter-output>
        </test-method> <!-- tearDown -->
      </class> <!-- com.crm.qa.testcases.SeleniumTest -->
    </test> <!-- Default test -->
  </suite> <!-- Default suite -->
</testng-results>
